<?xml version="1.0" encoding="UTF-8"?>
<!-- Generated by org.testng.reporters.JUnitReportReporter -->
<testsuite hostname="WINDOWS-I321LLC" failures="0" tests="18" name="dsAlgoRunner.TestRunner" time="302.977" errors="0" timestamp="2024-05-14T09:58:28 EDT" skipped="0">
  <testcase classname="dsAlgoRunner.TestRunner" name="runScenario" time="15.629"/>
  <testcase classname="dsAlgoRunner.TestRunner" name="runScenario" time="14.267"/>
  <testcase classname="dsAlgoRunner.TestRunner" name="runScenario" time="15.545"/>
  <testcase classname="dsAlgoRunner.TestRunner" name="runScenario" time="15.493"/>
  <testcase classname="dsAlgoRunner.TestRunner" name="runScenario" time="20.298"/>
  <testcase classname="dsAlgoRunner.TestRunner" name="runScenario" time="15.558"/>
  <testcase classname="dsAlgoRunner.TestRunner" name="runScenario" time="15.394"/>
  <testcase classname="dsAlgoRunner.TestRunner" name="runScenario" time="13.878"/>
  <testcase classname="dsAlgoRunner.TestRunner" name="runScenario" time="15.451"/>
  <testcase classname="dsAlgoRunner.TestRunner" name="runScenario" time="19.900"/>
  <testcase classname="dsAlgoRunner.TestRunner" name="runScenario" time="15.666"/>
  <testcase classname="dsAlgoRunner.TestRunner" name="runScenario" time="20.259"/>
  <testcase classname="dsAlgoRunner.TestRunner" name="runScenario" time="15.441"/>
  <testcase classname="dsAlgoRunner.TestRunner" name="runScenario" time="20.176"/>
  <testcase classname="dsAlgoRunner.TestRunner" name="runScenario" time="14.911"/>
  <testcase classname="dsAlgoRunner.TestRunner" name="runScenario" time="20.181"/>
  <testcase classname="dsAlgoRunner.TestRunner" name="runScenario" time="19.977"/>
  <testcase classname="dsAlgoRunner.TestRunner" name="runScenario" time="14.953"/>
</testsuite> <!-- dsAlgoRunner.TestRunner -->
