<?xml version="1.0" encoding="UTF-8"?>
<!-- Generated by org.testng.reporters.JUnitReportReporter -->
<testsuite hostname="WINDOWS-I321LLC" failures="0" tests="6" name="dsAlgoRunner.Runner_Test" time="132.521" errors="0" timestamp="2024-05-14T09:56:54 EDT" skipped="0">
  <testcase classname="dsAlgoRunner.Runner_Test" name="runScenario" time="21.989"/>
  <testcase classname="dsAlgoRunner.Runner_Test" name="runScenario" time="22.167"/>
  <testcase classname="dsAlgoRunner.Runner_Test" name="runScenario" time="22.035"/>
  <testcase classname="dsAlgoRunner.Runner_Test" name="runScenario" time="22.214"/>
  <testcase classname="dsAlgoRunner.Runner_Test" name="runScenario" time="22.207"/>
  <testcase classname="dsAlgoRunner.Runner_Test" name="runScenario" time="21.909"/>
</testsuite> <!-- dsAlgoRunner.Runner_Test -->
