<?xml version="1.0" encoding="UTF-8"?>
<!-- Generated by org.testng.reporters.JUnitReportReporter -->
<testsuite hostname="MSI" failures="0" tests="1" name="dsAlgoRunner.Runner_Test" time="3.913" errors="0" timestamp="2024-05-08T12:57:24 EDT" skipped="0">
  <testcase classname="dsAlgoRunner.Runner_Test" name="runScenario" time="3.913"/>
</testsuite> <!-- dsAlgoRunner.Runner_Test -->
