<?xml version="1.0" encoding="UTF-8"?>
<!-- Generated by org.testng.reporters.JUnitReportReporter -->
<testsuite hostname="MSI" failures="0" tests="71" name="dsAlgoRunner.Runner_Test" time="650.443" errors="0" timestamp="2024-05-10T15:52:12 EDT" skipped="0">
  <testcase classname="dsAlgoRunner.Runner_Test" name="runScenario" time="7.361"/>
  <testcase classname="dsAlgoRunner.Runner_Test" name="runScenario" time="6.816"/>
  <testcase classname="dsAlgoRunner.Runner_Test" name="runScenario" time="6.407"/>
  <testcase classname="dsAlgoRunner.Runner_Test" name="runScenario" time="6.621"/>
  <testcase classname="dsAlgoRunner.Runner_Test" name="runScenario" time="4.908"/>
  <testcase classname="dsAlgoRunner.Runner_Test" name="runScenario" time="5.401"/>
  <testcase classname="dsAlgoRunner.Runner_Test" name="runScenario" time="10.190"/>
  <testcase classname="dsAlgoRunner.Runner_Test" name="runScenario" time="4.919"/>
  <testcase classname="dsAlgoRunner.Runner_Test" name="runScenario" time="6.455"/>
  <testcase classname="dsAlgoRunner.Runner_Test" name="runScenario" time="6.609"/>
  <testcase classname="dsAlgoRunner.Runner_Test" name="runScenario" time="9.794"/>
  <testcase classname="dsAlgoRunner.Runner_Test" name="runScenario" time="14.104"/>
  <testcase classname="dsAlgoRunner.Runner_Test" name="runScenario" time="10.644"/>
  <testcase classname="dsAlgoRunner.Runner_Test" name="runScenario" time="13.781"/>
  <testcase classname="dsAlgoRunner.Runner_Test" name="runScenario" time="10.928"/>
  <testcase classname="dsAlgoRunner.Runner_Test" name="runScenario" time="10.958"/>
  <testcase classname="dsAlgoRunner.Runner_Test" name="runScenario" time="14.445"/>
  <testcase classname="dsAlgoRunner.Runner_Test" name="runScenario" time="5.616"/>
  <testcase classname="dsAlgoRunner.Runner_Test" name="runScenario" time="7.223"/>
  <testcase classname="dsAlgoRunner.Runner_Test" name="runScenario" time="14.091"/>
  <testcase classname="dsAlgoRunner.Runner_Test" name="runScenario" time="14.304"/>
  <testcase classname="dsAlgoRunner.Runner_Test" name="runScenario" time="4.947"/>
  <testcase classname="dsAlgoRunner.Runner_Test" name="runScenario" time="4.448"/>
  <testcase classname="dsAlgoRunner.Runner_Test" name="runScenario" time="10.911"/>
  <testcase classname="dsAlgoRunner.Runner_Test" name="runScenario" time="13.973"/>
  <testcase classname="dsAlgoRunner.Runner_Test" name="runScenario" time="10.274"/>
  <testcase classname="dsAlgoRunner.Runner_Test" name="runScenario" time="8.329"/>
  <testcase classname="dsAlgoRunner.Runner_Test" name="runScenario" time="8.093"/>
  <testcase classname="dsAlgoRunner.Runner_Test" name="runScenario" time="4.997"/>
  <testcase classname="dsAlgoRunner.Runner_Test" name="runScenario" time="14.199"/>
  <testcase classname="dsAlgoRunner.Runner_Test" name="runScenario" time="7.753"/>
  <testcase classname="dsAlgoRunner.Runner_Test" name="runScenario" time="12.826"/>
  <testcase classname="dsAlgoRunner.Runner_Test" name="runScenario" time="17.843"/>
  <testcase classname="dsAlgoRunner.Runner_Test" name="runScenario" time="9.923"/>
  <testcase classname="dsAlgoRunner.Runner_Test" name="runScenario" time="14.341"/>
  <testcase classname="dsAlgoRunner.Runner_Test" name="runScenario" time="4.668"/>
  <testcase classname="dsAlgoRunner.Runner_Test" name="runScenario" time="4.709"/>
  <testcase classname="dsAlgoRunner.Runner_Test" name="runScenario" time="4.858"/>
  <testcase classname="dsAlgoRunner.Runner_Test" name="runScenario" time="10.071"/>
  <testcase classname="dsAlgoRunner.Runner_Test" name="runScenario" time="14.277"/>
  <testcase classname="dsAlgoRunner.Runner_Test" name="runScenario" time="5.680"/>
  <testcase classname="dsAlgoRunner.Runner_Test" name="runScenario" time="7.726"/>
  <testcase classname="dsAlgoRunner.Runner_Test" name="runScenario" time="4.994"/>
  <testcase classname="dsAlgoRunner.Runner_Test" name="runScenario" time="5.288"/>
  <testcase classname="dsAlgoRunner.Runner_Test" name="runScenario" time="14.636"/>
  <testcase classname="dsAlgoRunner.Runner_Test" name="runScenario" time="5.009"/>
  <testcase classname="dsAlgoRunner.Runner_Test" name="runScenario" time="14.046"/>
  <testcase classname="dsAlgoRunner.Runner_Test" name="runScenario" time="7.365"/>
  <testcase classname="dsAlgoRunner.Runner_Test" name="runScenario" time="4.785"/>
  <testcase classname="dsAlgoRunner.Runner_Test" name="runScenario" time="5.161"/>
  <testcase classname="dsAlgoRunner.Runner_Test" name="runScenario" time="7.901"/>
  <testcase classname="dsAlgoRunner.Runner_Test" name="runScenario" time="4.494"/>
  <testcase classname="dsAlgoRunner.Runner_Test" name="runScenario" time="14.056"/>
  <testcase classname="dsAlgoRunner.Runner_Test" name="runScenario" time="14.338"/>
  <testcase classname="dsAlgoRunner.Runner_Test" name="runScenario" time="5.384"/>
  <testcase classname="dsAlgoRunner.Runner_Test" name="runScenario" time="15.153"/>
  <testcase classname="dsAlgoRunner.Runner_Test" name="runScenario" time="5.475"/>
  <testcase classname="dsAlgoRunner.Runner_Test" name="runScenario" time="4.647"/>
  <testcase classname="dsAlgoRunner.Runner_Test" name="runScenario" time="14.268"/>
  <testcase classname="dsAlgoRunner.Runner_Test" name="runScenario" time="4.580"/>
  <testcase classname="dsAlgoRunner.Runner_Test" name="runScenario" time="4.700"/>
  <testcase classname="dsAlgoRunner.Runner_Test" name="runScenario" time="12.841"/>
  <testcase classname="dsAlgoRunner.Runner_Test" name="runScenario" time="5.417"/>
  <testcase classname="dsAlgoRunner.Runner_Test" name="runScenario" time="14.485"/>
  <testcase classname="dsAlgoRunner.Runner_Test" name="runScenario" time="13.782"/>
  <testcase classname="dsAlgoRunner.Runner_Test" name="runScenario" time="6.371"/>
  <testcase classname="dsAlgoRunner.Runner_Test" name="runScenario" time="13.999"/>
  <testcase classname="dsAlgoRunner.Runner_Test" name="runScenario" time="11.082"/>
  <testcase classname="dsAlgoRunner.Runner_Test" name="runScenario" time="4.466"/>
  <testcase classname="dsAlgoRunner.Runner_Test" name="runScenario" time="10.891"/>
  <testcase classname="dsAlgoRunner.Runner_Test" name="runScenario" time="14.408"/>
</testsuite> <!-- dsAlgoRunner.Runner_Test -->
