<?xml version="1.0" encoding="UTF-8"?>
<!-- Generated by org.testng.reporters.JUnitReportReporter -->
<testsuite hostname="MSI" failures="0" tests="4" name="dsAlgoRunner.Runner_Test" time="73.304" errors="0" timestamp="2024-04-26T11:34:13 EDT" skipped="0">
  <testcase classname="dsAlgoRunner.Runner_Test" name="runScenario" time="6.850"/>
  <testcase classname="dsAlgoRunner.Runner_Test" name="runScenario" time="8.593"/>
  <testcase classname="dsAlgoRunner.Runner_Test" name="runScenario" time="8.763"/>
  <testcase classname="dsAlgoRunner.Runner_Test" name="runScenario" time="49.098"/>
</testsuite> <!-- dsAlgoRunner.Runner_Test -->
