<?xml version="1.0" encoding="UTF-8"?>
<!-- Generated by org.testng.reporters.JUnitReportReporter -->
<testsuite hostname="WINDOWS-I321LLC" failures="0" tests="6" name="dsAlgoRunner.Runner_Test" time="120.407" errors="0" timestamp="2024-05-14T09:25:27 EDT" skipped="0">
  <testcase classname="dsAlgoRunner.Runner_Test" name="runScenario" time="20.132"/>
  <testcase classname="dsAlgoRunner.Runner_Test" name="runScenario" time="20.139"/>
  <testcase classname="dsAlgoRunner.Runner_Test" name="runScenario" time="19.977"/>
  <testcase classname="dsAlgoRunner.Runner_Test" name="runScenario" time="20.061"/>
  <testcase classname="dsAlgoRunner.Runner_Test" name="runScenario" time="19.929"/>
  <testcase classname="dsAlgoRunner.Runner_Test" name="runScenario" time="20.169"/>
</testsuite> <!-- dsAlgoRunner.Runner_Test -->
