<?xml version="1.0" encoding="UTF-8"?>
<!-- Generated by org.testng.reporters.JUnitReportReporter -->
<testsuite hostname="MSI" failures="0" tests="2" name="dsAlgoRunner.Runner_Login" time="0.148" errors="2" timestamp="2024-04-22T15:39:00 EDT" skipped="0">
  <testcase classname="dsAlgoRunner.Runner_Login" name="runScenario" time="0.033">
    <error message="TODO: implement me" type="io.cucumber.java.PendingException">
      <![CDATA[io.cucumber.java.PendingException: TODO: implement me
at dsAlgoStepDefinition.Login_stepdefinition.user_is_on_ds_algo_sign_in_page(Login_stepdefinition.java:35)
at ✽.user is on DS Algo Sign in Page(file:///C:/Users/sofia/eclipse-workspace/DSAlgoProject/src/test/resources/Features/loginFeature.feature:12)
]]>
    </error>
  </testcase> <!-- runScenario -->
  <testcase classname="dsAlgoRunner.Runner_Login" name="runScenario" time="0.115">
    <error message="TODO: implement me" type="io.cucumber.java.PendingException">
      <![CDATA[io.cucumber.java.PendingException: TODO: implement me
at dsAlgoStepDefinition.Login_stepdefinition.user_is_on_ds_algo_introduction_page(Login_stepdefinition.java:11)
at ✽.user is on DS Algo Introduction Page(file:///C:/Users/sofia/eclipse-workspace/DSAlgoProject/src/test/resources/Features/loginFeature.feature:5)
]]>
    </error>
  </testcase> <!-- runScenario -->
</testsuite> <!-- dsAlgoRunner.Runner_Login -->
