<?xml version="1.0" encoding="UTF-8"?>
<!-- Generated by org.testng.reporters.JUnitReportReporter -->
<testsuite hostname="WINDOWS-I321LLC" failures="0" tests="31" name="dsAlgoRunner.Runner_Test" time="661.809" errors="0" timestamp="2024-05-07T23:32:31 EDT" skipped="0">
  <testcase classname="dsAlgoRunner.Runner_Test" name="runScenario" time="28.931"/>
  <testcase classname="dsAlgoRunner.Runner_Test" name="runScenario" time="25.571"/>
  <testcase classname="dsAlgoRunner.Runner_Test" name="runScenario" time="24.777"/>
  <testcase classname="dsAlgoRunner.Runner_Test" name="runScenario" time="17.947"/>
  <testcase classname="dsAlgoRunner.Runner_Test" name="runScenario" time="29.379"/>
  <testcase classname="dsAlgoRunner.Runner_Test" name="runScenario" time="16.697"/>
  <testcase classname="dsAlgoRunner.Runner_Test" name="runScenario" time="16.516"/>
  <testcase classname="dsAlgoRunner.Runner_Test" name="runScenario" time="31.240"/>
  <testcase classname="dsAlgoRunner.Runner_Test" name="runScenario" time="13.919"/>
  <testcase classname="dsAlgoRunner.Runner_Test" name="runScenario" time="27.803"/>
  <testcase classname="dsAlgoRunner.Runner_Test" name="runScenario" time="24.628"/>
  <testcase classname="dsAlgoRunner.Runner_Test" name="runScenario" time="28.778"/>
  <testcase classname="dsAlgoRunner.Runner_Test" name="runScenario" time="24.164"/>
  <testcase classname="dsAlgoRunner.Runner_Test" name="runScenario" time="36.144"/>
  <testcase classname="dsAlgoRunner.Runner_Test" name="runScenario" time="20.239"/>
  <testcase classname="dsAlgoRunner.Runner_Test" name="runScenario" time="26.952"/>
  <testcase classname="dsAlgoRunner.Runner_Test" name="runScenario" time="17.388"/>
  <testcase classname="dsAlgoRunner.Runner_Test" name="runScenario" time="20.154"/>
  <testcase classname="dsAlgoRunner.Runner_Test" name="runScenario" time="17.925"/>
  <testcase classname="dsAlgoRunner.Runner_Test" name="runScenario" time="18.348"/>
  <testcase classname="dsAlgoRunner.Runner_Test" name="runScenario" time="13.583"/>
  <testcase classname="dsAlgoRunner.Runner_Test" name="runScenario" time="28.766"/>
  <testcase classname="dsAlgoRunner.Runner_Test" name="runScenario" time="11.599"/>
  <testcase classname="dsAlgoRunner.Runner_Test" name="runScenario" time="11.077"/>
  <testcase classname="dsAlgoRunner.Runner_Test" name="runScenario" time="14.871"/>
  <testcase classname="dsAlgoRunner.Runner_Test" name="runScenario" time="30.155"/>
  <testcase classname="dsAlgoRunner.Runner_Test" name="runScenario" time="23.330"/>
  <testcase classname="dsAlgoRunner.Runner_Test" name="runScenario" time="13.935"/>
  <testcase classname="dsAlgoRunner.Runner_Test" name="runScenario" time="10.895"/>
  <testcase classname="dsAlgoRunner.Runner_Test" name="runScenario" time="15.410"/>
  <testcase classname="dsAlgoRunner.Runner_Test" name="runScenario" time="20.688"/>
</testsuite> <!-- dsAlgoRunner.Runner_Test -->
