<?xml version="1.0" encoding="UTF-8"?>
<!-- Generated by org.testng.reporters.JUnitReportReporter -->
<testsuite hostname="MSI" failures="0" tests="3" name="dsAlgoRunner.Runner_Test" time="58.206" errors="0" timestamp="2024-05-11T12:32:30 EDT" skipped="0">
  <testcase classname="dsAlgoRunner.Runner_Test" name="runScenario" time="20.919"/>
  <testcase classname="dsAlgoRunner.Runner_Test" name="runScenario" time="18.266"/>
  <testcase classname="dsAlgoRunner.Runner_Test" name="runScenario" time="19.021"/>
</testsuite> <!-- dsAlgoRunner.Runner_Test -->
