<?xml version="1.0" encoding="UTF-8"?>
<!-- Generated by org.testng.reporters.JUnitReportReporter -->
<testsuite hostname="MSI" failures="0" tests="3" name="dsAlgoRunner.Runner_Test" time="63.721" errors="0" timestamp="2024-05-11T12:19:30 EDT" skipped="0">
  <testcase classname="dsAlgoRunner.Runner_Test" name="runScenario" time="21.525"/>
  <testcase classname="dsAlgoRunner.Runner_Test" name="runScenario" time="23.390"/>
  <testcase classname="dsAlgoRunner.Runner_Test" name="runScenario" time="18.806"/>
</testsuite> <!-- dsAlgoRunner.Runner_Test -->
