<?xml version="1.0" encoding="UTF-8"?>
<!-- Generated by org.testng.reporters.JUnitReportReporter -->
<testsuite hostname="WINDOWS-I321LLC" failures="0" tests="1" name="dsAlgoRunner.Runner_Test" time="23.772" errors="0" timestamp="2024-05-13T22:44:55 EDT" skipped="0">
  <testcase classname="dsAlgoRunner.Runner_Test" name="runScenario" time="23.772"/>
</testsuite> <!-- dsAlgoRunner.Runner_Test -->
