<?xml version="1.0" encoding="UTF-8"?>
<!-- Generated by org.testng.reporters.JUnitReportReporter -->
<testsuite hostname="WINDOWS-I321LLC" failures="0" tests="3" name="dsAlgoRunner.Runner_Test" time="69.634" errors="0" timestamp="2024-05-11T12:18:38 EDT" skipped="0">
  <testcase classname="dsAlgoRunner.Runner_Test" name="runScenario" time="21.541"/>
  <testcase classname="dsAlgoRunner.Runner_Test" name="runScenario" time="27.394"/>
  <testcase classname="dsAlgoRunner.Runner_Test" name="runScenario" time="20.699"/>
</testsuite> <!-- dsAlgoRunner.Runner_Test -->
