<?xml version="1.0" encoding="UTF-8"?>
<!-- Generated by org.testng.reporters.JUnitReportReporter -->
<testsuite hostname="WINDOWS-I321LLC" failures="0" tests="6" name="dsAlgoRunner.Runner_Test" time="301.308" errors="0" timestamp="2024-05-02T15:10:52 EDT" skipped="0">
  <testcase classname="dsAlgoRunner.Runner_Test" name="runScenario" time="47.908"/>
  <testcase classname="dsAlgoRunner.Runner_Test" name="runScenario" time="49.944"/>
  <testcase classname="dsAlgoRunner.Runner_Test" name="runScenario" time="53.385"/>
  <testcase classname="dsAlgoRunner.Runner_Test" name="runScenario" time="48.992"/>
  <testcase classname="dsAlgoRunner.Runner_Test" name="runScenario" time="52.478"/>
  <testcase classname="dsAlgoRunner.Runner_Test" name="runScenario" time="48.601"/>
</testsuite> <!-- dsAlgoRunner.Runner_Test -->
