<?xml version="1.0" encoding="UTF-8"?>
<!-- Generated by org.testng.reporters.JUnitReportReporter -->
<testsuite hostname="WINDOWS-I321LLC" failures="0" tests="3" name="dsAlgoRunner.Runner_Test" time="87.736" errors="0" timestamp="2024-04-29T11:34:34 EDT" skipped="0">
  <testcase classname="dsAlgoRunner.Runner_Test" name="runScenario" time="29.317"/>
  <testcase classname="dsAlgoRunner.Runner_Test" name="runScenario" time="29.196"/>
  <testcase classname="dsAlgoRunner.Runner_Test" name="runScenario" time="29.223"/>
</testsuite> <!-- dsAlgoRunner.Runner_Test -->
