<?xml version="1.0" encoding="UTF-8"?>
<!-- Generated by org.testng.reporters.JUnitReportReporter -->
<testsuite hostname="WINDOWS-I321LLC" failures="0" tests="6" name="dsAlgoRunner.Runner_Test" time="124.448" errors="0" timestamp="2024-05-13T12:53:08 EDT" skipped="0">
  <testcase classname="dsAlgoRunner.Runner_Test" name="runScenario" time="20.316"/>
  <testcase classname="dsAlgoRunner.Runner_Test" name="runScenario" time="20.845"/>
  <testcase classname="dsAlgoRunner.Runner_Test" name="runScenario" time="20.754"/>
  <testcase classname="dsAlgoRunner.Runner_Test" name="runScenario" time="19.678"/>
  <testcase classname="dsAlgoRunner.Runner_Test" name="runScenario" time="21.420"/>
  <testcase classname="dsAlgoRunner.Runner_Test" name="runScenario" time="21.435"/>
</testsuite> <!-- dsAlgoRunner.Runner_Test -->
