<?xml version="1.0" encoding="UTF-8"?>
<!-- Generated by org.testng.reporters.JUnitReportReporter -->
<testsuite hostname="WINDOWS-I321LLC" failures="0" tests="18" name="dsAlgoRunner.Runner_Test" time="682.951" errors="0" timestamp="2024-05-11T12:09:07 EDT" skipped="0">
  <testcase classname="dsAlgoRunner.Runner_Test" name="runScenario" time="66.480"/>
  <testcase classname="dsAlgoRunner.Runner_Test" name="runScenario" time="23.288"/>
  <testcase classname="dsAlgoRunner.Runner_Test" name="runScenario" time="22.285"/>
  <testcase classname="dsAlgoRunner.Runner_Test" name="runScenario" time="25.499"/>
  <testcase classname="dsAlgoRunner.Runner_Test" name="runScenario" time="25.615"/>
  <testcase classname="dsAlgoRunner.Runner_Test" name="runScenario" time="25.313"/>
  <testcase classname="dsAlgoRunner.Runner_Test" name="runScenario" time="22.903"/>
  <testcase classname="dsAlgoRunner.Runner_Test" name="runScenario" time="22.917"/>
  <testcase classname="dsAlgoRunner.Runner_Test" name="runScenario" time="23.256"/>
  <testcase classname="dsAlgoRunner.Runner_Test" name="runScenario" time="65.415"/>
  <testcase classname="dsAlgoRunner.Runner_Test" name="runScenario" time="64.841"/>
  <testcase classname="dsAlgoRunner.Runner_Test" name="runScenario" time="61.784"/>
  <testcase classname="dsAlgoRunner.Runner_Test" name="runScenario" time="25.465"/>
  <testcase classname="dsAlgoRunner.Runner_Test" name="runScenario" time="25.583"/>
  <testcase classname="dsAlgoRunner.Runner_Test" name="runScenario" time="66.851"/>
  <testcase classname="dsAlgoRunner.Runner_Test" name="runScenario" time="66.282"/>
  <testcase classname="dsAlgoRunner.Runner_Test" name="runScenario" time="25.339"/>
  <testcase classname="dsAlgoRunner.Runner_Test" name="runScenario" time="23.835"/>
</testsuite> <!-- dsAlgoRunner.Runner_Test -->
