<?xml version="1.0" encoding="UTF-8"?>
<!-- Generated by org.testng.reporters.JUnitReportReporter -->
<testsuite hostname="WINDOWS-I321LLC" failures="0" tests="71" name="dsAlgoRunner.Runner_Test" time="2636.631" errors="0" timestamp="2024-05-14T15:09:00 EDT" skipped="0">
  <testcase classname="dsAlgoRunner.Runner_Test" name="runScenario" time="45.910"/>
  <testcase classname="dsAlgoRunner.Runner_Test" name="runScenario" time="25.923"/>
  <testcase classname="dsAlgoRunner.Runner_Test" name="runScenario" time="24.410"/>
  <testcase classname="dsAlgoRunner.Runner_Test" name="runScenario" time="28.366"/>
  <testcase classname="dsAlgoRunner.Runner_Test" name="runScenario" time="56.836"/>
  <testcase classname="dsAlgoRunner.Runner_Test" name="runScenario" time="33.382"/>
  <testcase classname="dsAlgoRunner.Runner_Test" name="runScenario" time="50.366"/>
  <testcase classname="dsAlgoRunner.Runner_Test" name="runScenario" time="46.648"/>
  <testcase classname="dsAlgoRunner.Runner_Test" name="runScenario" time="28.600"/>
  <testcase classname="dsAlgoRunner.Runner_Test" name="runScenario" time="31.679"/>
  <testcase classname="dsAlgoRunner.Runner_Test" name="runScenario" time="52.571"/>
  <testcase classname="dsAlgoRunner.Runner_Test" name="runScenario" time="40.089"/>
  <testcase classname="dsAlgoRunner.Runner_Test" name="runScenario" time="50.350"/>
  <testcase classname="dsAlgoRunner.Runner_Test" name="runScenario" time="24.462"/>
  <testcase classname="dsAlgoRunner.Runner_Test" name="runScenario" time="46.826"/>
  <testcase classname="dsAlgoRunner.Runner_Test" name="runScenario" time="20.840"/>
  <testcase classname="dsAlgoRunner.Runner_Test" name="runScenario" time="24.174"/>
  <testcase classname="dsAlgoRunner.Runner_Test" name="runScenario" time="44.786"/>
  <testcase classname="dsAlgoRunner.Runner_Test" name="runScenario" time="22.101"/>
  <testcase classname="dsAlgoRunner.Runner_Test" name="runScenario" time="29.466"/>
  <testcase classname="dsAlgoRunner.Runner_Test" name="runScenario" time="44.458"/>
  <testcase classname="dsAlgoRunner.Runner_Test" name="runScenario" time="51.006"/>
  <testcase classname="dsAlgoRunner.Runner_Test" name="runScenario" time="22.638"/>
  <testcase classname="dsAlgoRunner.Runner_Test" name="runScenario" time="30.621"/>
  <testcase classname="dsAlgoRunner.Runner_Test" name="runScenario" time="41.617"/>
  <testcase classname="dsAlgoRunner.Runner_Test" name="runScenario" time="44.503"/>
  <testcase classname="dsAlgoRunner.Runner_Test" name="runScenario" time="32.323"/>
  <testcase classname="dsAlgoRunner.Runner_Test" name="runScenario" time="52.249"/>
  <testcase classname="dsAlgoRunner.Runner_Test" name="runScenario" time="37.098"/>
  <testcase classname="dsAlgoRunner.Runner_Test" name="runScenario" time="42.915"/>
  <testcase classname="dsAlgoRunner.Runner_Test" name="runScenario" time="31.699"/>
  <testcase classname="dsAlgoRunner.Runner_Test" name="runScenario" time="29.124"/>
  <testcase classname="dsAlgoRunner.Runner_Test" name="runScenario" time="28.020"/>
  <testcase classname="dsAlgoRunner.Runner_Test" name="runScenario" time="25.865"/>
  <testcase classname="dsAlgoRunner.Runner_Test" name="runScenario" time="28.846"/>
  <testcase classname="dsAlgoRunner.Runner_Test" name="runScenario" time="47.758"/>
  <testcase classname="dsAlgoRunner.Runner_Test" name="runScenario" time="42.780"/>
  <testcase classname="dsAlgoRunner.Runner_Test" name="runScenario" time="27.355"/>
  <testcase classname="dsAlgoRunner.Runner_Test" name="runScenario" time="35.696"/>
  <testcase classname="dsAlgoRunner.Runner_Test" name="runScenario" time="45.055"/>
  <testcase classname="dsAlgoRunner.Runner_Test" name="runScenario" time="42.141"/>
  <testcase classname="dsAlgoRunner.Runner_Test" name="runScenario" time="28.431"/>
  <testcase classname="dsAlgoRunner.Runner_Test" name="runScenario" time="29.202"/>
  <testcase classname="dsAlgoRunner.Runner_Test" name="runScenario" time="43.300"/>
  <testcase classname="dsAlgoRunner.Runner_Test" name="runScenario" time="23.936"/>
  <testcase classname="dsAlgoRunner.Runner_Test" name="runScenario" time="28.512"/>
  <testcase classname="dsAlgoRunner.Runner_Test" name="runScenario" time="31.260"/>
  <testcase classname="dsAlgoRunner.Runner_Test" name="runScenario" time="27.164"/>
  <testcase classname="dsAlgoRunner.Runner_Test" name="runScenario" time="45.142"/>
  <testcase classname="dsAlgoRunner.Runner_Test" name="runScenario" time="58.628"/>
  <testcase classname="dsAlgoRunner.Runner_Test" name="runScenario" time="44.324"/>
  <testcase classname="dsAlgoRunner.Runner_Test" name="runScenario" time="35.280"/>
  <testcase classname="dsAlgoRunner.Runner_Test" name="runScenario" time="42.519"/>
  <testcase classname="dsAlgoRunner.Runner_Test" name="runScenario" time="24.495"/>
  <testcase classname="dsAlgoRunner.Runner_Test" name="runScenario" time="20.383"/>
  <testcase classname="dsAlgoRunner.Runner_Test" name="runScenario" time="27.500"/>
  <testcase classname="dsAlgoRunner.Runner_Test" name="runScenario" time="25.038"/>
  <testcase classname="dsAlgoRunner.Runner_Test" name="runScenario" time="29.582"/>
  <testcase classname="dsAlgoRunner.Runner_Test" name="runScenario" time="52.866"/>
  <testcase classname="dsAlgoRunner.Runner_Test" name="runScenario" time="46.431"/>
  <testcase classname="dsAlgoRunner.Runner_Test" name="runScenario" time="25.071"/>
  <testcase classname="dsAlgoRunner.Runner_Test" name="runScenario" time="44.571"/>
  <testcase classname="dsAlgoRunner.Runner_Test" name="runScenario" time="47.023"/>
  <testcase classname="dsAlgoRunner.Runner_Test" name="runScenario" time="37.220"/>
  <testcase classname="dsAlgoRunner.Runner_Test" name="runScenario" time="45.611"/>
  <testcase classname="dsAlgoRunner.Runner_Test" name="runScenario" time="24.732"/>
  <testcase classname="dsAlgoRunner.Runner_Test" name="runScenario" time="37.872"/>
  <testcase classname="dsAlgoRunner.Runner_Test" name="runScenario" time="62.433"/>
  <testcase classname="dsAlgoRunner.Runner_Test" name="runScenario" time="46.817"/>
  <testcase classname="dsAlgoRunner.Runner_Test" name="runScenario" time="46.759"/>
  <testcase classname="dsAlgoRunner.Runner_Test" name="runScenario" time="42.977"/>
</testsuite> <!-- dsAlgoRunner.Runner_Test -->
