<?xml version="1.0" encoding="UTF-8"?>
<!-- Generated by org.testng.reporters.JUnitReportReporter -->
<testsuite hostname="MSI" failures="0" tests="9" name="dsAlgoRunner.Runner_Test" time="35.645" errors="0" timestamp="2024-05-06T11:56:37 EDT" skipped="0">
  <testcase classname="dsAlgoRunner.Runner_Test" name="runScenario" time="5.131"/>
  <testcase classname="dsAlgoRunner.Runner_Test" name="runScenario" time="3.808"/>
  <testcase classname="dsAlgoRunner.Runner_Test" name="runScenario" time="3.665"/>
  <testcase classname="dsAlgoRunner.Runner_Test" name="runScenario" time="3.879"/>
  <testcase classname="dsAlgoRunner.Runner_Test" name="runScenario" time="3.760"/>
  <testcase classname="dsAlgoRunner.Runner_Test" name="runScenario" time="3.741"/>
  <testcase classname="dsAlgoRunner.Runner_Test" name="runScenario" time="3.780"/>
  <testcase classname="dsAlgoRunner.Runner_Test" name="runScenario" time="3.725"/>
  <testcase classname="dsAlgoRunner.Runner_Test" name="runScenario" time="4.156"/>
</testsuite> <!-- dsAlgoRunner.Runner_Test -->
