<?xml version="1.0" encoding="UTF-8"?>
<!-- Generated by org.testng.reporters.JUnitReportReporter -->
<testsuite hostname="MSI" failures="0" tests="3" name="dsAlgoRunner.Runner_Test" time="59.513" errors="0" timestamp="2024-05-11T12:41:38 EDT" skipped="0">
  <testcase classname="dsAlgoRunner.Runner_Test" name="runScenario" time="18.956"/>
  <testcase classname="dsAlgoRunner.Runner_Test" name="runScenario" time="19.429"/>
  <testcase classname="dsAlgoRunner.Runner_Test" name="runScenario" time="21.128"/>
</testsuite> <!-- dsAlgoRunner.Runner_Test -->
