<?xml version="1.0" encoding="UTF-8"?>
<!-- Generated by org.testng.reporters.JUnitReportReporter -->
<testsuite hostname="WINDOWS-I321LLC" failures="0" tests="6" name="dsAlgoRunner.Runner_Test" time="122.196" errors="0" timestamp="2024-05-10T11:52:24 EDT" skipped="0">
  <testcase classname="dsAlgoRunner.Runner_Test" name="runScenario" time="20.536"/>
  <testcase classname="dsAlgoRunner.Runner_Test" name="runScenario" time="20.037"/>
  <testcase classname="dsAlgoRunner.Runner_Test" name="runScenario" time="20.260"/>
  <testcase classname="dsAlgoRunner.Runner_Test" name="runScenario" time="20.571"/>
  <testcase classname="dsAlgoRunner.Runner_Test" name="runScenario" time="20.532"/>
  <testcase classname="dsAlgoRunner.Runner_Test" name="runScenario" time="20.260"/>
</testsuite> <!-- dsAlgoRunner.Runner_Test -->
