<?xml version="1.0" encoding="UTF-8"?>
<!-- Generated by org.testng.reporters.JUnitReportReporter -->
<testsuite hostname="WINDOWS-I321LLC" failures="0" tests="3" name="dsAlgoRunner.Runner_Test" time="98.203" errors="0" timestamp="2024-05-12T17:51:09 EDT" skipped="0">
  <testcase classname="dsAlgoRunner.Runner_Test" name="runScenario" time="23.967"/>
  <testcase classname="dsAlgoRunner.Runner_Test" name="runScenario" time="41.892"/>
  <testcase classname="dsAlgoRunner.Runner_Test" name="runScenario" time="32.344"/>
</testsuite> <!-- dsAlgoRunner.Runner_Test -->
