<?xml version="1.0" encoding="UTF-8"?>
<!-- Generated by org.testng.reporters.JUnitReportReporter -->
<testsuite hostname="MSI" failures="0" tests="2" name="dsAlgoRunner.Runner_Test" time="38.997" errors="0" timestamp="2024-05-12T13:14:20 EDT" skipped="0">
  <testcase classname="dsAlgoRunner.Runner_Test" name="runScenario" time="20.317"/>
  <testcase classname="dsAlgoRunner.Runner_Test" name="runScenario" time="18.680"/>
</testsuite> <!-- dsAlgoRunner.Runner_Test -->
