<?xml version="1.0" encoding="UTF-8"?>
<!-- Generated by org.testng.reporters.JUnitReportReporter -->
<testsuite hostname="WINDOWS-I321LLC" failures="0" tests="18" name="dsAlgoRunner.Runner_Test" time="333.877" errors="0" timestamp="2024-05-14T11:00:11 EDT" skipped="0">
  <testcase classname="dsAlgoRunner.Runner_Test" name="runScenario" time="21.873"/>
  <testcase classname="dsAlgoRunner.Runner_Test" name="runScenario" time="21.711"/>
  <testcase classname="dsAlgoRunner.Runner_Test" name="runScenario" time="15.669"/>
  <testcase classname="dsAlgoRunner.Runner_Test" name="runScenario" time="14.959"/>
  <testcase classname="dsAlgoRunner.Runner_Test" name="runScenario" time="21.924"/>
  <testcase classname="dsAlgoRunner.Runner_Test" name="runScenario" time="22.145"/>
  <testcase classname="dsAlgoRunner.Runner_Test" name="runScenario" time="15.670"/>
  <testcase classname="dsAlgoRunner.Runner_Test" name="runScenario" time="19.029"/>
  <testcase classname="dsAlgoRunner.Runner_Test" name="runScenario" time="16.226"/>
  <testcase classname="dsAlgoRunner.Runner_Test" name="runScenario" time="17.944"/>
  <testcase classname="dsAlgoRunner.Runner_Test" name="runScenario" time="17.689"/>
  <testcase classname="dsAlgoRunner.Runner_Test" name="runScenario" time="18.737"/>
  <testcase classname="dsAlgoRunner.Runner_Test" name="runScenario" time="22.047"/>
  <testcase classname="dsAlgoRunner.Runner_Test" name="runScenario" time="16.211"/>
  <testcase classname="dsAlgoRunner.Runner_Test" name="runScenario" time="14.709"/>
  <testcase classname="dsAlgoRunner.Runner_Test" name="runScenario" time="22.121"/>
  <testcase classname="dsAlgoRunner.Runner_Test" name="runScenario" time="17.395"/>
  <testcase classname="dsAlgoRunner.Runner_Test" name="runScenario" time="17.818"/>
</testsuite> <!-- dsAlgoRunner.Runner_Test -->
