<?xml version="1.0" encoding="UTF-8"?>
<!-- Generated by org.testng.reporters.JUnitReportReporter -->
<testsuite hostname="WINDOWS-I321LLC" failures="0" tests="6" name="dsAlgoRunner.Runner_Test" time="123.099" errors="0" timestamp="2024-05-14T10:37:08 EDT" skipped="0">
  <testcase classname="dsAlgoRunner.Runner_Test" name="runScenario" time="20.620"/>
  <testcase classname="dsAlgoRunner.Runner_Test" name="runScenario" time="20.431"/>
  <testcase classname="dsAlgoRunner.Runner_Test" name="runScenario" time="20.644"/>
  <testcase classname="dsAlgoRunner.Runner_Test" name="runScenario" time="20.286"/>
  <testcase classname="dsAlgoRunner.Runner_Test" name="runScenario" time="20.622"/>
  <testcase classname="dsAlgoRunner.Runner_Test" name="runScenario" time="20.496"/>
</testsuite> <!-- dsAlgoRunner.Runner_Test -->
