<?xml version="1.0" encoding="UTF-8"?>
<!-- Generated by org.testng.reporters.JUnitReportReporter -->
<testsuite hostname="DESKTOP-F07AI6Q" failures="0" tests="27" name="dsAlgoRunner.Runner_Test" time="484.445" errors="0" timestamp="2024-05-09T10:29:14 EDT" skipped="0">
  <testcase classname="dsAlgoRunner.Runner_Test" name="runScenario" time="17.692"/>
  <testcase classname="dsAlgoRunner.Runner_Test" name="runScenario" time="10.674"/>
  <testcase classname="dsAlgoRunner.Runner_Test" name="runScenario" time="17.493"/>
  <testcase classname="dsAlgoRunner.Runner_Test" name="runScenario" time="17.940"/>
  <testcase classname="dsAlgoRunner.Runner_Test" name="runScenario" time="26.767"/>
  <testcase classname="dsAlgoRunner.Runner_Test" name="runScenario" time="22.201"/>
  <testcase classname="dsAlgoRunner.Runner_Test" name="runScenario" time="15.164"/>
  <testcase classname="dsAlgoRunner.Runner_Test" name="runScenario" time="4.155"/>
  <testcase classname="dsAlgoRunner.Runner_Test" name="runScenario" time="5.862"/>
  <testcase classname="dsAlgoRunner.Runner_Test" name="runScenario" time="15.116"/>
  <testcase classname="dsAlgoRunner.Runner_Test" name="runScenario" time="50.094"/>
  <testcase classname="dsAlgoRunner.Runner_Test" name="runScenario" time="11.216"/>
  <testcase classname="dsAlgoRunner.Runner_Test" name="runScenario" time="17.270"/>
  <testcase classname="dsAlgoRunner.Runner_Test" name="runScenario" time="22.190"/>
  <testcase classname="dsAlgoRunner.Runner_Test" name="runScenario" time="16.170"/>
  <testcase classname="dsAlgoRunner.Runner_Test" name="runScenario" time="11.184"/>
  <testcase classname="dsAlgoRunner.Runner_Test" name="runScenario" time="16.673"/>
  <testcase classname="dsAlgoRunner.Runner_Test" name="runScenario" time="22.190"/>
  <testcase classname="dsAlgoRunner.Runner_Test" name="runScenario" time="22.191"/>
  <testcase classname="dsAlgoRunner.Runner_Test" name="runScenario" time="16.767"/>
  <testcase classname="dsAlgoRunner.Runner_Test" name="runScenario" time="25.310"/>
  <testcase classname="dsAlgoRunner.Runner_Test" name="runScenario" time="11.647"/>
  <testcase classname="dsAlgoRunner.Runner_Test" name="runScenario" time="5.600"/>
  <testcase classname="dsAlgoRunner.Runner_Test" name="runScenario" time="22.191"/>
  <testcase classname="dsAlgoRunner.Runner_Test" name="runScenario" time="16.279"/>
  <testcase classname="dsAlgoRunner.Runner_Test" name="runScenario" time="22.191"/>
  <testcase classname="dsAlgoRunner.Runner_Test" name="runScenario" time="22.218"/>
</testsuite> <!-- dsAlgoRunner.Runner_Test -->
